<?xml version="1.0" encoding="utf-8" standalone="no"?>
<!--This file represents the results of running a test suite-->
<test-results name="C:\Users\e.belyaev\Desktop\MailTest\MailTest\bin\Debug\MailTest.dll" total="1" errors="0" failures="0" not-run="0" inconclusive="0" ignored="0" skipped="0" invalid="0" date="2015-12-02" time="14:37:35">
  <environment nunit-version="2.6.4.14350" clr-version="2.0.50727.5477" os-version="Microsoft Windows NT 6.1.7601 Service Pack 1" platform="Win32NT" cwd="C:\Program Files (x86)\NUnit 2.6.4\bin" machine-name="BELYAEVE" user="e.belyaev" user-domain="ITRANSITION" />
  <culture-info current-culture="en-US" current-uiculture="en-US" />
  <test-suite type="Assembly" name="C:\Users\e.belyaev\Desktop\MailTest\MailTest\bin\Debug\MailTest.dll" executed="True" result="Success" success="True" time="19.430" asserts="0">
    <results>
      <test-suite type="Namespace" name="Demo" executed="True" result="Success" success="True" time="19.419" asserts="0">
        <results>
          <test-suite type="Namespace" name="tests" executed="True" result="Success" success="True" time="19.419" asserts="0">
            <results>
              <test-suite type="TestFixture" name="MailSendingTest" executed="True" result="Success" success="True" time="19.417" asserts="0">
                <results>
                  <test-case name="Demo.tests.MailSendingTest.RunTest" executed="True" result="Success" success="True" time="19.246" asserts="8" />
                </results>
              </test-suite>
            </results>
          </test-suite>
        </results>
      </test-suite>
    </results>
  </test-suite>
</test-results>